<?xml version="1.0" encoding="UTF-8"?>
<!-- Generated by org.testng.reporters.JUnitXMLReporter -->
<testsuite ignored="0" hostname="Akash" failures="3" tests="9" name="Test" time="143.14" errors="0" timestamp="2023-07-28T10:58:36 IST">
  <testcase classname="TestCase.Parent_Form" name="FillupForm_Parent" time="21.279"/>
  <testcase classname="TestCase.Teacher_Form" name="FillupForm_Teacher" time="21.388"/>
  <testcase classname="TestCase.Student_Form" name="FillupForm_Student" time="24.469"/>
  <testcase classname="TestCase.DoE_Functionality" name="DOE_Accept_List_Parent" time="9.697">
    <failure type="org.openqa.selenium.ElementClickInterceptedException" message="element click intercepted: Element &amp;lt;a href=&amp;quot;https://stage.magicmindtechnologies.com/dominion_prep_school/parents/approved&amp;quot; style=&amp;quot;margin-left: 0px;&amp;quot;&amp;gt;...&amp;lt;/a&amp;gt; is not clickable at point (110, 266). Other element would receive the click: &amp;lt;div id=&amp;quot;myModal320&amp;quot; class=&amp;quot;modal fade in&amp;quot; role=&amp;quot;dialog&amp;quot; style=&amp;quot;margin-top: 150px; display: block;&amp;quot; aria-hidden=&amp;quot;false&amp;quot;&amp;gt;...&amp;lt;/div&amp;gt;
  (Session info: chrome=115.0.5790.110)
Build info: version: &amp;apos;4.8.3&amp;apos;, revision: &amp;apos;e5e76298c3&amp;apos;
System info: os.name: &amp;apos;Windows 11&amp;apos;, os.arch: &amp;apos;amd64&amp;apos;, os.version: &amp;apos;10.0&amp;apos;, java.version: &amp;apos;17.0.6&amp;apos;
Driver info: org.openqa.selenium.chrome.ChromeDriver
Command: [0f715dcc077c081d86b0ad3c9ea6b6bb, clickElement {id=0201686A49C32D333A8637BB9050633B_element_475}]
Capabilities {acceptInsecureCerts: false, browserName: chrome, browserVersion: 115.0.5790.110, chrome: {chromedriverVersion: 114.0.5735.90 (386bc09e8f4f..., userDataDir: C:\Users\Sakas\AppData\Loca...}, goog:chromeOptions: {debuggerAddress: localhost:63429}, networkConnectionEnabled: false, pageLoadStrategy: normal, platformName: WINDOWS, proxy: Proxy(), se:cdp: ws://localhost:63429/devtoo..., se:cdpVersion: 115.0.5790.110, setWindowRect: true, strictFileInteractability: false, timeouts: {implicit: 0, pageLoad: 300000, script: 30000}, unhandledPromptBehavior: dismiss and notify, webauthn:extension:credBlob: true, webauthn:extension:largeBlob: true, webauthn:extension:minPinLength: true, webauthn:extension:prf: true, webauthn:virtualAuthenticators: true}
Element: [[ChromeDriver: chrome on WINDOWS (0f715dcc077c081d86b0ad3c9ea6b6bb)] -&amp;gt; xpath: //span[text()=&amp;apos;Parent Approved List&amp;apos;]// parent::a]
Session ID: 0f715dcc077c081d86b0ad3c9ea6b6bb">
      <![CDATA[org.openqa.selenium.ElementClickInterceptedException: element click intercepted: Element <a href="https://stage.magicmindtechnologies.com/dominion_prep_school/parents/approved" style="margin-left: 0px;">...</a> is not clickable at point (110, 266). Other element would receive the click: <div id="myModal320" class="modal fade in" role="dialog" style="margin-top: 150px; display: block;" aria-hidden="false">...</div>
  (Session info: chrome=115.0.5790.110)
Build info: version: '4.8.3', revision: 'e5e76298c3'
System info: os.name: 'Windows 11', os.arch: 'amd64', os.version: '10.0', java.version: '17.0.6'
Driver info: org.openqa.selenium.chrome.ChromeDriver
Command: [0f715dcc077c081d86b0ad3c9ea6b6bb, clickElement {id=0201686A49C32D333A8637BB9050633B_element_475}]
Capabilities {acceptInsecureCerts: false, browserName: chrome, browserVersion: 115.0.5790.110, chrome: {chromedriverVersion: 114.0.5735.90 (386bc09e8f4f..., userDataDir: C:\Users\Sakas\AppData\Loca...}, goog:chromeOptions: {debuggerAddress: localhost:63429}, networkConnectionEnabled: false, pageLoadStrategy: normal, platformName: WINDOWS, proxy: Proxy(), se:cdp: ws://localhost:63429/devtoo..., se:cdpVersion: 115.0.5790.110, setWindowRect: true, strictFileInteractability: false, timeouts: {implicit: 0, pageLoad: 300000, script: 30000}, unhandledPromptBehavior: dismiss and notify, webauthn:extension:credBlob: true, webauthn:extension:largeBlob: true, webauthn:extension:minPinLength: true, webauthn:extension:prf: true, webauthn:virtualAuthenticators: true}
Element: [[ChromeDriver: chrome on WINDOWS (0f715dcc077c081d86b0ad3c9ea6b6bb)] -> xpath: //span[text()='Parent Approved List']// parent::a]
Session ID: 0f715dcc077c081d86b0ad3c9ea6b6bb
at org.openqa.selenium.remote.codec.w3c.W3CHttpResponseCodec.createException(W3CHttpResponseCodec.java:200)
at org.openqa.selenium.remote.codec.w3c.W3CHttpResponseCodec.decode(W3CHttpResponseCodec.java:133)
at org.openqa.selenium.remote.codec.w3c.W3CHttpResponseCodec.decode(W3CHttpResponseCodec.java:53)
at org.openqa.selenium.remote.HttpCommandExecutor.execute(HttpCommandExecutor.java:193)
at org.openqa.selenium.remote.service.DriverCommandExecutor.invokeExecute(DriverCommandExecutor.java:183)
at org.openqa.selenium.remote.service.DriverCommandExecutor.execute(DriverCommandExecutor.java:158)
at org.openqa.selenium.remote.RemoteWebDriver.execute(RemoteWebDriver.java:543)
at org.openqa.selenium.remote.RemoteWebElement.execute(RemoteWebElement.java:257)
at org.openqa.selenium.remote.RemoteWebElement.click(RemoteWebElement.java:78)
at org.openqa.selenium.support.pagefactory.internal.LocatingElementHandler.invoke(LocatingElementHandler.java:52)
at jdk.proxy2/jdk.proxy2.$Proxy18.click(Unknown Source)
at com.MMT.DP.PageObject.DoEFunctionalityObject.Parent_Accept_Test(DoEFunctionalityObject.java:232)
at TestCase.DoE_Functionality.DOE_Accept_List_Parent(DoE_Functionality.java:78)
at java.base/java.util.ArrayList.forEach(ArrayList.java:1511)
... Removed 35 stack frames]]>
    </failure>
  </testcase> <!-- DOE_Accept_List_Parent -->
  <testcase classname="TestCase.DoE_Functionality" name="DOE_Accept_List_Student" time="11.612">
    <failure type="org.openqa.selenium.ElementClickInterceptedException" message="element click intercepted: Element &amp;lt;a href=&amp;quot;https://stage.magicmindtechnologies.com/dominion_prep_school/student/approved&amp;quot; style=&amp;quot;margin-left: 0px;&amp;quot;&amp;gt;...&amp;lt;/a&amp;gt; is not clickable at point (110, 345). Other element would receive the click: &amp;lt;div id=&amp;quot;myModal273&amp;quot; class=&amp;quot;modal fade in&amp;quot; role=&amp;quot;dialog&amp;quot; style=&amp;quot;margin-top: 150px; display: block;&amp;quot; aria-hidden=&amp;quot;false&amp;quot;&amp;gt;...&amp;lt;/div&amp;gt;
  (Session info: chrome=115.0.5790.110)
Build info: version: &amp;apos;4.8.3&amp;apos;, revision: &amp;apos;e5e76298c3&amp;apos;
System info: os.name: &amp;apos;Windows 11&amp;apos;, os.arch: &amp;apos;amd64&amp;apos;, os.version: &amp;apos;10.0&amp;apos;, java.version: &amp;apos;17.0.6&amp;apos;
Driver info: org.openqa.selenium.chrome.ChromeDriver
Command: [0f86e7fa518f6b643e581e1902bcd37d, clickElement {id=8F3BF3803DE59C0CB0D68A22393A4510_element_572}]
Capabilities {acceptInsecureCerts: false, browserName: chrome, browserVersion: 115.0.5790.110, chrome: {chromedriverVersion: 114.0.5735.90 (386bc09e8f4f..., userDataDir: C:\Users\Sakas\AppData\Loca...}, goog:chromeOptions: {debuggerAddress: localhost:63475}, networkConnectionEnabled: false, pageLoadStrategy: normal, platformName: WINDOWS, proxy: Proxy(), se:cdp: ws://localhost:63475/devtoo..., se:cdpVersion: 115.0.5790.110, setWindowRect: true, strictFileInteractability: false, timeouts: {implicit: 0, pageLoad: 300000, script: 30000}, unhandledPromptBehavior: dismiss and notify, webauthn:extension:credBlob: true, webauthn:extension:largeBlob: true, webauthn:extension:minPinLength: true, webauthn:extension:prf: true, webauthn:virtualAuthenticators: true}
Element: [[ChromeDriver: chrome on WINDOWS (0f86e7fa518f6b643e581e1902bcd37d)] -&amp;gt; xpath: //span[text()=&amp;apos;Student Approved List&amp;apos;]// parent::a]
Session ID: 0f86e7fa518f6b643e581e1902bcd37d">
      <![CDATA[org.openqa.selenium.ElementClickInterceptedException: element click intercepted: Element <a href="https://stage.magicmindtechnologies.com/dominion_prep_school/student/approved" style="margin-left: 0px;">...</a> is not clickable at point (110, 345). Other element would receive the click: <div id="myModal273" class="modal fade in" role="dialog" style="margin-top: 150px; display: block;" aria-hidden="false">...</div>
  (Session info: chrome=115.0.5790.110)
Build info: version: '4.8.3', revision: 'e5e76298c3'
System info: os.name: 'Windows 11', os.arch: 'amd64', os.version: '10.0', java.version: '17.0.6'
Driver info: org.openqa.selenium.chrome.ChromeDriver
Command: [0f86e7fa518f6b643e581e1902bcd37d, clickElement {id=8F3BF3803DE59C0CB0D68A22393A4510_element_572}]
Capabilities {acceptInsecureCerts: false, browserName: chrome, browserVersion: 115.0.5790.110, chrome: {chromedriverVersion: 114.0.5735.90 (386bc09e8f4f..., userDataDir: C:\Users\Sakas\AppData\Loca...}, goog:chromeOptions: {debuggerAddress: localhost:63475}, networkConnectionEnabled: false, pageLoadStrategy: normal, platformName: WINDOWS, proxy: Proxy(), se:cdp: ws://localhost:63475/devtoo..., se:cdpVersion: 115.0.5790.110, setWindowRect: true, strictFileInteractability: false, timeouts: {implicit: 0, pageLoad: 300000, script: 30000}, unhandledPromptBehavior: dismiss and notify, webauthn:extension:credBlob: true, webauthn:extension:largeBlob: true, webauthn:extension:minPinLength: true, webauthn:extension:prf: true, webauthn:virtualAuthenticators: true}
Element: [[ChromeDriver: chrome on WINDOWS (0f86e7fa518f6b643e581e1902bcd37d)] -> xpath: //span[text()='Student Approved List']// parent::a]
Session ID: 0f86e7fa518f6b643e581e1902bcd37d
at org.openqa.selenium.remote.codec.w3c.W3CHttpResponseCodec.createException(W3CHttpResponseCodec.java:200)
at org.openqa.selenium.remote.codec.w3c.W3CHttpResponseCodec.decode(W3CHttpResponseCodec.java:133)
at org.openqa.selenium.remote.codec.w3c.W3CHttpResponseCodec.decode(W3CHttpResponseCodec.java:53)
at org.openqa.selenium.remote.HttpCommandExecutor.execute(HttpCommandExecutor.java:193)
at org.openqa.selenium.remote.service.DriverCommandExecutor.invokeExecute(DriverCommandExecutor.java:183)
at org.openqa.selenium.remote.service.DriverCommandExecutor.execute(DriverCommandExecutor.java:158)
at org.openqa.selenium.remote.RemoteWebDriver.execute(RemoteWebDriver.java:543)
at org.openqa.selenium.remote.RemoteWebElement.execute(RemoteWebElement.java:257)
at org.openqa.selenium.remote.RemoteWebElement.click(RemoteWebElement.java:78)
at org.openqa.selenium.support.pagefactory.internal.LocatingElementHandler.invoke(LocatingElementHandler.java:52)
at jdk.proxy2/jdk.proxy2.$Proxy18.click(Unknown Source)
at com.MMT.DP.PageObject.DoEFunctionalityObject.Student_Accept_Test(DoEFunctionalityObject.java:284)
at TestCase.DoE_Functionality.DOE_Accept_List_Student(DoE_Functionality.java:110)
at java.base/java.util.ArrayList.forEach(ArrayList.java:1511)
... Removed 35 stack frames]]>
    </failure>
  </testcase> <!-- DOE_Accept_List_Student -->
  <testcase classname="TestCase.DoE_Functionality" name="DOE_Accept_List_Teacher" time="9.668">
    <failure type="org.openqa.selenium.ElementClickInterceptedException" message="element click intercepted: Element &amp;lt;a href=&amp;quot;https://stage.magicmindtechnologies.com/dominion_prep_school/teacher/approved&amp;quot; style=&amp;quot;margin-left: 0px;&amp;quot;&amp;gt;...&amp;lt;/a&amp;gt; is not clickable at point (110, 306). Other element would receive the click: &amp;lt;div id=&amp;quot;myModal259&amp;quot; class=&amp;quot;modal fade in&amp;quot; role=&amp;quot;dialog&amp;quot; style=&amp;quot;margin-top: 150px; display: block;&amp;quot; aria-hidden=&amp;quot;false&amp;quot;&amp;gt;...&amp;lt;/div&amp;gt;
  (Session info: chrome=115.0.5790.110)
Build info: version: &amp;apos;4.8.3&amp;apos;, revision: &amp;apos;e5e76298c3&amp;apos;
System info: os.name: &amp;apos;Windows 11&amp;apos;, os.arch: &amp;apos;amd64&amp;apos;, os.version: &amp;apos;10.0&amp;apos;, java.version: &amp;apos;17.0.6&amp;apos;
Driver info: org.openqa.selenium.chrome.ChromeDriver
Command: [75b4e866f116994554f46c68fcb0cf56, clickElement {id=F48840FB2379BCDC9A75EB2FBD39D58A_element_488}]
Capabilities {acceptInsecureCerts: false, browserName: chrome, browserVersion: 115.0.5790.110, chrome: {chromedriverVersion: 114.0.5735.90 (386bc09e8f4f..., userDataDir: C:\Users\Sakas\AppData\Loca...}, goog:chromeOptions: {debuggerAddress: localhost:63530}, networkConnectionEnabled: false, pageLoadStrategy: normal, platformName: WINDOWS, proxy: Proxy(), se:cdp: ws://localhost:63530/devtoo..., se:cdpVersion: 115.0.5790.110, setWindowRect: true, strictFileInteractability: false, timeouts: {implicit: 0, pageLoad: 300000, script: 30000}, unhandledPromptBehavior: dismiss and notify, webauthn:extension:credBlob: true, webauthn:extension:largeBlob: true, webauthn:extension:minPinLength: true, webauthn:extension:prf: true, webauthn:virtualAuthenticators: true}
Element: [[ChromeDriver: chrome on WINDOWS (75b4e866f116994554f46c68fcb0cf56)] -&amp;gt; xpath: //span[text()=&amp;apos;Teacher Approved List&amp;apos;]// parent::a]
Session ID: 75b4e866f116994554f46c68fcb0cf56">
      <![CDATA[org.openqa.selenium.ElementClickInterceptedException: element click intercepted: Element <a href="https://stage.magicmindtechnologies.com/dominion_prep_school/teacher/approved" style="margin-left: 0px;">...</a> is not clickable at point (110, 306). Other element would receive the click: <div id="myModal259" class="modal fade in" role="dialog" style="margin-top: 150px; display: block;" aria-hidden="false">...</div>
  (Session info: chrome=115.0.5790.110)
Build info: version: '4.8.3', revision: 'e5e76298c3'
System info: os.name: 'Windows 11', os.arch: 'amd64', os.version: '10.0', java.version: '17.0.6'
Driver info: org.openqa.selenium.chrome.ChromeDriver
Command: [75b4e866f116994554f46c68fcb0cf56, clickElement {id=F48840FB2379BCDC9A75EB2FBD39D58A_element_488}]
Capabilities {acceptInsecureCerts: false, browserName: chrome, browserVersion: 115.0.5790.110, chrome: {chromedriverVersion: 114.0.5735.90 (386bc09e8f4f..., userDataDir: C:\Users\Sakas\AppData\Loca...}, goog:chromeOptions: {debuggerAddress: localhost:63530}, networkConnectionEnabled: false, pageLoadStrategy: normal, platformName: WINDOWS, proxy: Proxy(), se:cdp: ws://localhost:63530/devtoo..., se:cdpVersion: 115.0.5790.110, setWindowRect: true, strictFileInteractability: false, timeouts: {implicit: 0, pageLoad: 300000, script: 30000}, unhandledPromptBehavior: dismiss and notify, webauthn:extension:credBlob: true, webauthn:extension:largeBlob: true, webauthn:extension:minPinLength: true, webauthn:extension:prf: true, webauthn:virtualAuthenticators: true}
Element: [[ChromeDriver: chrome on WINDOWS (75b4e866f116994554f46c68fcb0cf56)] -> xpath: //span[text()='Teacher Approved List']// parent::a]
Session ID: 75b4e866f116994554f46c68fcb0cf56
at org.openqa.selenium.remote.codec.w3c.W3CHttpResponseCodec.createException(W3CHttpResponseCodec.java:200)
at org.openqa.selenium.remote.codec.w3c.W3CHttpResponseCodec.decode(W3CHttpResponseCodec.java:133)
at org.openqa.selenium.remote.codec.w3c.W3CHttpResponseCodec.decode(W3CHttpResponseCodec.java:53)
at org.openqa.selenium.remote.HttpCommandExecutor.execute(HttpCommandExecutor.java:193)
at org.openqa.selenium.remote.service.DriverCommandExecutor.invokeExecute(DriverCommandExecutor.java:183)
at org.openqa.selenium.remote.service.DriverCommandExecutor.execute(DriverCommandExecutor.java:158)
at org.openqa.selenium.remote.RemoteWebDriver.execute(RemoteWebDriver.java:543)
at org.openqa.selenium.remote.RemoteWebElement.execute(RemoteWebElement.java:257)
at org.openqa.selenium.remote.RemoteWebElement.click(RemoteWebElement.java:78)
at org.openqa.selenium.support.pagefactory.internal.LocatingElementHandler.invoke(LocatingElementHandler.java:52)
at jdk.proxy2/jdk.proxy2.$Proxy18.click(Unknown Source)
at com.MMT.DP.PageObject.DoEFunctionalityObject.Teacher_Accept_Test(DoEFunctionalityObject.java:335)
at TestCase.DoE_Functionality.DOE_Accept_List_Teacher(DoE_Functionality.java:94)
at java.base/java.util.ArrayList.forEach(ArrayList.java:1511)
... Removed 35 stack frames]]>
    </failure>
  </testcase> <!-- DOE_Accept_List_Teacher -->
  <testcase classname="TestCase.DoE_Functionality" name="DOE_Received_List_Parent" time="3.056"/>
  <testcase classname="TestCase.DoE_Functionality" name="DOE_Received_List_Student" time="3.3"/>
  <testcase classname="TestCase.DoE_Functionality" name="DOE_Received_List_Teacher" time="3.145"/>
</testsuite> <!-- Test -->
