<?xml version="1.0" encoding="UTF-8"?>
<!-- Generated by org.testng.reporters.JUnitXMLReporter -->
<testsuite ignored="0" hostname="Akash" failures="0" tests="4" name="Test" time="65.26" errors="0" timestamp="2023-07-23T01:34:00 IST">
  <testcase classname="TestCase.Parent_Form" name="FillupForm_Parent" time="21.03"/>
  <testcase classname="TestCase.Teacher_Form" name="FillupForm_Teacher" time="22.519"/>
  <testcase classname="TestCase.DoE_Functionality" name="DOE_Accept_List_Parent" time="3.045"/>
  <testcase classname="TestCase.DoE_Functionality" name="DOE_Accept_List_Teacher" time="3.124"/>
</testsuite> <!-- Test -->
