<?xml version="1.0" encoding="UTF-8"?>
<!-- Generated by org.testng.reporters.JUnitXMLReporter -->
<testsuite ignored="0" hostname="Akash" failures="0" tests="9" name="Test" time="217.121" errors="0" timestamp="2023-07-30T22:17:38 IST">
  <testcase classname="TestCase.Parent_Form" name="FillupForm_Parent" time="26.509"/>
  <testcase classname="TestCase.Teacher_Form" name="FillupForm_Teacher" time="27.261"/>
  <testcase classname="TestCase.Student_Form" name="FillupForm_Student" time="34.718"/>
  <testcase classname="TestCase.DoE_Functionality" name="DOE_Received_List_Parent" time="4.788"/>
  <testcase classname="TestCase.DoE_Functionality" name="DOE_Accept_List_Parent" time="21.856"/>
  <testcase classname="TestCase.DoE_Functionality" name="DOE_Received_List_Teacher" time="4.365"/>
  <testcase classname="TestCase.DoE_Functionality" name="DOE_Accept_List_Teacher" time="19.357"/>
  <testcase classname="TestCase.DoE_Functionality" name="DOE_Received_List_Student" time="8.035"/>
  <testcase classname="TestCase.DoE_Functionality" name="DOE_Accept_List_Student" time="21.423"/>
</testsuite> <!-- Test -->
