<?xml version="1.0" encoding="UTF-8"?>
<testng-results ignored="0" total="1" passed="1" failed="0" skipped="0">
  <reporter-output>
  </reporter-output>
  <suite started-at="2023-08-07T11:03:13 IST" name="Default suite" finished-at="2023-08-07T11:03:29 IST" duration-ms="16173">
    <groups>
    </groups>
    <test started-at="2023-08-07T11:03:13 IST" name="Default test" finished-at="2023-08-07T11:03:29 IST" duration-ms="16173">
      <class name="TestCase.Admin_Functionality">
        <test-method is-config="true" signature="InitialMethod()[pri:0, instance:TestCase.Admin_Functionality@19e4653c]" started-at="2023-08-07T11:03:13 IST" name="InitialMethod" finished-at="2023-08-07T11:03:18 IST" duration-ms="4545" status="PASS">
          <reporter-output>
          </reporter-output>
        </test-method> <!-- InitialMethod -->
        <test-method signature="Admin_Dashboard_Check(java.util.HashMap)[pri:1, instance:TestCase.Admin_Functionality@19e4653c]" started-at="2023-08-07T11:03:18 IST" name="Admin_Dashboard_Check" data-provider="AdminData" finished-at="2023-08-07T11:03:29 IST" duration-ms="10796" status="PASS">
          <params>
            <param index="0">
              <value>
                <![CDATA[{Username=admin_mmt@yopmail.com , Password=password@123}]]>
              </value>
            </param>
          </params>
          <reporter-output>
          </reporter-output>
        </test-method> <!-- Admin_Dashboard_Check -->
        <test-method is-config="true" signature="QuitDriver(org.testng.ITestResult)[pri:0, instance:TestCase.Admin_Functionality@19e4653c]" started-at="2023-08-07T11:03:29 IST" name="QuitDriver" finished-at="2023-08-07T11:03:29 IST" duration-ms="284" status="PASS">
          <params>
            <param index="0">
              <value>
                <![CDATA[[TestResult name=Admin_Dashboard_Check status=SUCCESS method=Admin_Functionality.Admin_Dashboard_Check(java.util.HashMap)[pri:1, instance:TestCase.Admin_Functionality@19e4653c] output={null}]]]>
              </value>
            </param>
          </params>
          <reporter-output>
          </reporter-output>
        </test-method> <!-- QuitDriver -->
      </class> <!-- TestCase.Admin_Functionality -->
    </test> <!-- Default test -->
  </suite> <!-- Default suite -->
</testng-results>
