<?xml version="1.0" encoding="UTF-8"?>
<testng-results ignored="0" total="1" passed="0" failed="1" skipped="0">
  <reporter-output>
  </reporter-output>
  <suite started-at="2023-07-16T18:17:04 IST" name="Default suite" finished-at="2023-07-16T18:17:35 IST" duration-ms="31060">
    <groups>
    </groups>
    <test started-at="2023-07-16T18:17:04 IST" name="Default test" finished-at="2023-07-16T18:17:35 IST" duration-ms="31060">
      <class name="TestCase.Teacher_Form">
        <test-method is-config="true" signature="InitialMethod()[pri:0, instance:TestCase.Teacher_Form@7161d8d1]" started-at="2023-07-16T18:17:05 IST" name="InitialMethod" finished-at="2023-07-16T18:17:12 IST" duration-ms="6701" status="PASS">
          <reporter-output>
          </reporter-output>
        </test-method> <!-- InitialMethod -->
        <test-method signature="FillupForm_Teacher(java.util.HashMap)[pri:0, instance:TestCase.Teacher_Form@7161d8d1]" started-at="2023-07-16T18:17:12 IST" name="FillupForm_Teacher" data-provider="TeacherForm" finished-at="2023-07-16T18:17:35 IST" duration-ms="23755" status="FAIL">
          <params>
            <param index="0">
              <value>
                <![CDATA[{PrimaryNumber=0987654321, Email=Test_Parent@yopmail.com, LastName=LastName, FirstName=Test}]]>
              </value>
            </param>
          </params>
          <exception class="java.lang.AssertionError">
            <message>
              <![CDATA[The dashboard is not updated]]>
            </message>
            <full-stacktrace>
              <![CDATA[java.lang.AssertionError: The dashboard is not updated
at org.testng.Assert.fail(Assert.java:110)
at com.MMT.DP.PageObject.TeacherFormObject.TeacherFormSubmit(TeacherFormObject.java:267)
at TestCase.Teacher_Form.FillupForm_Teacher(Teacher_Form.java:32)
at java.base/jdk.internal.reflect.NativeMethodAccessorImpl.invoke0(Native Method)
at java.base/jdk.internal.reflect.NativeMethodAccessorImpl.invoke(NativeMethodAccessorImpl.java:77)
at java.base/jdk.internal.reflect.DelegatingMethodAccessorImpl.invoke(DelegatingMethodAccessorImpl.java:43)
at java.base/java.lang.reflect.Method.invoke(Method.java:568)
at org.testng.internal.invokers.MethodInvocationHelper.invokeMethod(MethodInvocationHelper.java:139)
at org.testng.internal.invokers.TestInvoker.invokeMethod(TestInvoker.java:677)
at org.testng.internal.invokers.TestInvoker.invokeTestMethod(TestInvoker.java:221)
at org.testng.internal.invokers.MethodRunner.runInSequence(MethodRunner.java:50)
at org.testng.internal.invokers.TestInvoker$MethodInvocationAgent.invoke(TestInvoker.java:969)
at org.testng.internal.invokers.TestInvoker.invokeTestMethods(TestInvoker.java:194)
at org.testng.internal.invokers.TestMethodWorker.invokeTestMethods(TestMethodWorker.java:148)
at org.testng.internal.invokers.TestMethodWorker.run(TestMethodWorker.java:128)
at java.base/java.util.ArrayList.forEach(ArrayList.java:1511)
at org.testng.TestRunner.privateRun(TestRunner.java:829)
at org.testng.TestRunner.run(TestRunner.java:602)
at org.testng.SuiteRunner.runTest(SuiteRunner.java:437)
at org.testng.SuiteRunner.runSequentially(SuiteRunner.java:431)
at org.testng.SuiteRunner.privateRun(SuiteRunner.java:391)
at org.testng.SuiteRunner.run(SuiteRunner.java:330)
at org.testng.SuiteRunnerWorker.runSuite(SuiteRunnerWorker.java:52)
at org.testng.SuiteRunnerWorker.run(SuiteRunnerWorker.java:95)
at org.testng.TestNG.runSuitesSequentially(TestNG.java:1256)
at org.testng.TestNG.runSuitesLocally(TestNG.java:1176)
at org.testng.TestNG.runSuites(TestNG.java:1099)
at org.testng.TestNG.run(TestNG.java:1067)
at org.testng.remote.AbstractRemoteTestNG.run(AbstractRemoteTestNG.java:115)
at org.testng.remote.RemoteTestNG.initAndRun(RemoteTestNG.java:251)
at org.testng.remote.RemoteTestNG.main(RemoteTestNG.java:77)
]]>
            </full-stacktrace>
          </exception> <!-- java.lang.AssertionError -->
          <reporter-output>
          </reporter-output>
        </test-method> <!-- FillupForm_Teacher -->
      </class> <!-- TestCase.Teacher_Form -->
    </test> <!-- Default test -->
  </suite> <!-- Default suite -->
</testng-results>
